<?xml version="1.0" encoding="UTF-8"?>
<!-- Generated by org.testng.reporters.JUnitReportReporter -->
<testsuite hostname="Venkatesh" failures="0" tests="1" name="CommonUtils.TestRunner" time="8.765" errors="0" timestamp="2023-04-13T16:31:28 IST" skipped="0">
  <testcase classname="CommonUtils.TestRunner" name="runScenario" time="8.765"/>
  <system-out/>
</testsuite> <!-- CommonUtils.TestRunner -->
